<?xml version="1.0" encoding="UTF-8"?>
<!-- Generated by org.testng.reporters.JUnitReportReporter -->
<testsuite hostname="QSP" failures="0" tests="1" name="scripts.Testacse1" time="0.040" errors="0" timestamp="2021-12-12T09:32:17 IST" skipped="0">
  <testcase classname="scripts.Testacse1" name="tc1" time="0.040"/>
  <system-out>
Hello java  </system-out>
</testsuite> <!-- scripts.Testacse1 -->
