<?xml version="1.0" encoding="UTF-8"?>
<!-- Generated by org.testng.reporters.JUnitReportReporter -->
<testsuite hostname="QSP" failures="0" tests="1" name="scripts.Testacse2" time="0.010" errors="0" timestamp="2021-12-12T09:32:17 IST" skipped="0">
  <testcase classname="scripts.Testacse2" name="tc2" time="0.010"/>
  <system-out>
Hello Selenium  </system-out>
</testsuite> <!-- scripts.Testacse2 -->
