<?xml version="1.0" encoding="UTF-8"?>
<!-- Generated by org.testng.reporters.JUnitReportReporter -->
<testsuite hostname="QSP" failures="0" tests="1" name="scripts.Testacse4" time="0.003" errors="0" timestamp="2021-12-12T09:32:17 IST" skipped="0">
  <testcase classname="scripts.Testacse4" name="tc4" time="0.003"/>
  <system-out>
Hello API  </system-out>
</testsuite> <!-- scripts.Testacse4 -->
